ERROR - 2022-11-10 00:35:01 --> mysqli_sql_exception: Table 'camping_api_dev.users' doesn't exist in D:\Xampp\7.4.29\htdocs\mycodeigniter\system\Database\MySQLi\Connection.php:292
Stack trace:
#0 D:\Xampp\7.4.29\htdocs\mycodeigniter\system\Database\MySQLi\Connection.php(292): mysqli->query('SELECT *\nFROM `...', 0)
#1 D:\Xampp\7.4.29\htdocs\mycodeigniter\system\Database\BaseConnection.php(666): CodeIgniter\Database\MySQLi\Connection->execute('SELECT *\nFROM `...')
#2 D:\Xampp\7.4.29\htdocs\mycodeigniter\system\Database\BaseConnection.php(593): CodeIgniter\Database\BaseConnection->simpleQuery('SELECT *\nFROM `...')
#3 D:\Xampp\7.4.29\htdocs\mycodeigniter\system\Database\BaseBuilder.php(1585): CodeIgniter\Database\BaseConnection->query('SELECT *\nFROM `...', Array, false)
#4 D:\Xampp\7.4.29\htdocs\mycodeigniter\system\Model.php(250): CodeIgniter\Database\BaseBuilder->get()
#5 D:\Xampp\7.4.29\htdocs\mycodeigniter\system\BaseModel.php(623): CodeIgniter\Model->doFirst()
#6 D:\Xampp\7.4.29\htdocs\mycodeigniter\app\Controllers\Login.php(29): CodeIgniter\BaseModel->first()
#7 D:\Xampp\7.4.29\htdocs\mycodeigniter\system\CodeIgniter.php(927): App\Controllers\Login->index()
#8 D:\Xampp\7.4.29\htdocs\mycodeigniter\system\CodeIgniter.php(482): CodeIgniter\CodeIgniter->runController(Object(App\Controllers\Login))
#9 D:\Xampp\7.4.29\htdocs\mycodeigniter\system\CodeIgniter.php(351): CodeIgniter\CodeIgniter->handleRequest(NULL, Object(Config\Cache), false)
#10 D:\Xampp\7.4.29\htdocs\mycodeigniter\public\index.php(67): CodeIgniter\CodeIgniter->run()
#11 D:\Xampp\7.4.29\htdocs\mycodeigniter\system\Commands\Server\rewrite.php(46): require_once('D:\\Xampp\\7.4.29...')
#12 {main}
CRITICAL - 2022-11-10 00:35:01 --> Table 'camping_api_dev.users' doesn't exist
in SYSTEMPATH\Database\MySQLi\Connection.php on line 292.
 1 SYSTEMPATH\Database\MySQLi\Connection.php(292): mysqli->query('SELECT *
FROM `users`
WHERE `email` = \'dancerking306@gmail.com\'
 LIMIT 1', 0)
 2 SYSTEMPATH\Database\BaseConnection.php(666): CodeIgniter\Database\MySQLi\Connection->execute('SELECT *
FROM `users`
WHERE `email` = \'dancerking306@gmail.com\'
 LIMIT 1')
 3 SYSTEMPATH\Database\BaseConnection.php(593): CodeIgniter\Database\BaseConnection->simpleQuery('SELECT *
FROM `users`
WHERE `email` = \'dancerking306@gmail.com\'
 LIMIT 1')
 4 SYSTEMPATH\Database\BaseBuilder.php(1585): CodeIgniter\Database\BaseConnection->query('SELECT *
FROM `users`
WHERE `email` = :email:
 LIMIT 1', [...], false)
 5 SYSTEMPATH\Model.php(250): CodeIgniter\Database\BaseBuilder->get()
 6 SYSTEMPATH\BaseModel.php(623): CodeIgniter\Model->doFirst()
 7 APPPATH\Controllers\Login.php(29): CodeIgniter\BaseModel->first()
 8 SYSTEMPATH\CodeIgniter.php(927): App\Controllers\Login->index()
 9 SYSTEMPATH\CodeIgniter.php(482): CodeIgniter\CodeIgniter->runController(Object(App\Controllers\Login))
10 SYSTEMPATH\CodeIgniter.php(351): CodeIgniter\CodeIgniter->handleRequest(null, Object(Config\Cache), false)
11 FCPATH\index.php(67): CodeIgniter\CodeIgniter->run()
12 SYSTEMPATH\Commands\Server\rewrite.php(46): require_once('FCPATH\\index.php')
ERROR - 2022-11-10 00:35:09 --> mysqli_sql_exception: Table 'camping_api_dev.users' doesn't exist in D:\Xampp\7.4.29\htdocs\mycodeigniter\system\Database\MySQLi\Connection.php:292
Stack trace:
#0 D:\Xampp\7.4.29\htdocs\mycodeigniter\system\Database\MySQLi\Connection.php(292): mysqli->query('SELECT *\nFROM `...', 0)
#1 D:\Xampp\7.4.29\htdocs\mycodeigniter\system\Database\BaseConnection.php(666): CodeIgniter\Database\MySQLi\Connection->execute('SELECT *\nFROM `...')
#2 D:\Xampp\7.4.29\htdocs\mycodeigniter\system\Database\BaseConnection.php(593): CodeIgniter\Database\BaseConnection->simpleQuery('SELECT *\nFROM `...')
#3 D:\Xampp\7.4.29\htdocs\mycodeigniter\system\Database\BaseBuilder.php(1585): CodeIgniter\Database\BaseConnection->query('SELECT *\nFROM `...', Array, false)
#4 D:\Xampp\7.4.29\htdocs\mycodeigniter\system\Model.php(250): CodeIgniter\Database\BaseBuilder->get()
#5 D:\Xampp\7.4.29\htdocs\mycodeigniter\system\BaseModel.php(623): CodeIgniter\Model->doFirst()
#6 D:\Xampp\7.4.29\htdocs\mycodeigniter\app\Controllers\Login.php(29): CodeIgniter\BaseModel->first()
#7 D:\Xampp\7.4.29\htdocs\mycodeigniter\system\CodeIgniter.php(927): App\Controllers\Login->index()
#8 D:\Xampp\7.4.29\htdocs\mycodeigniter\system\CodeIgniter.php(482): CodeIgniter\CodeIgniter->runController(Object(App\Controllers\Login))
#9 D:\Xampp\7.4.29\htdocs\mycodeigniter\system\CodeIgniter.php(351): CodeIgniter\CodeIgniter->handleRequest(NULL, Object(Config\Cache), false)
#10 D:\Xampp\7.4.29\htdocs\mycodeigniter\public\index.php(67): CodeIgniter\CodeIgniter->run()
#11 D:\Xampp\7.4.29\htdocs\mycodeigniter\system\Commands\Server\rewrite.php(46): require_once('D:\\Xampp\\7.4.29...')
#12 {main}
CRITICAL - 2022-11-10 00:35:09 --> Table 'camping_api_dev.users' doesn't exist
in SYSTEMPATH\Database\MySQLi\Connection.php on line 292.
 1 SYSTEMPATH\Database\MySQLi\Connection.php(292): mysqli->query('SELECT *
FROM `users`
WHERE `email` = \'dancerking306@gmail.com\'
 LIMIT 1', 0)
 2 SYSTEMPATH\Database\BaseConnection.php(666): CodeIgniter\Database\MySQLi\Connection->execute('SELECT *
FROM `users`
WHERE `email` = \'dancerking306@gmail.com\'
 LIMIT 1')
 3 SYSTEMPATH\Database\BaseConnection.php(593): CodeIgniter\Database\BaseConnection->simpleQuery('SELECT *
FROM `users`
WHERE `email` = \'dancerking306@gmail.com\'
 LIMIT 1')
 4 SYSTEMPATH\Database\BaseBuilder.php(1585): CodeIgniter\Database\BaseConnection->query('SELECT *
FROM `users`
WHERE `email` = :email:
 LIMIT 1', [...], false)
 5 SYSTEMPATH\Model.php(250): CodeIgniter\Database\BaseBuilder->get()
 6 SYSTEMPATH\BaseModel.php(623): CodeIgniter\Model->doFirst()
 7 APPPATH\Controllers\Login.php(29): CodeIgniter\BaseModel->first()
 8 SYSTEMPATH\CodeIgniter.php(927): App\Controllers\Login->index()
 9 SYSTEMPATH\CodeIgniter.php(482): CodeIgniter\CodeIgniter->runController(Object(App\Controllers\Login))
10 SYSTEMPATH\CodeIgniter.php(351): CodeIgniter\CodeIgniter->handleRequest(null, Object(Config\Cache), false)
11 FCPATH\index.php(67): CodeIgniter\CodeIgniter->run()
12 SYSTEMPATH\Commands\Server\rewrite.php(46): require_once('FCPATH\\index.php')
ERROR - 2022-11-10 02:30:26 --> mysqli_sql_exception: You have an error in your SQL syntax; check the manual that corresponds to your MariaDB server version for the right syntax to use near '2"' at line 4 in D:\Xampp\7.4.29\htdocs\mycodeigniter\system\Database\MySQLi\Connection.php:292
Stack trace:
#0 D:\Xampp\7.4.29\htdocs\mycodeigniter\system\Database\MySQLi\Connection.php(292): mysqli->query('select photo_co...', 0)
#1 D:\Xampp\7.4.29\htdocs\mycodeigniter\system\Database\BaseConnection.php(666): CodeIgniter\Database\MySQLi\Connection->execute('select photo_co...')
#2 D:\Xampp\7.4.29\htdocs\mycodeigniter\system\Database\BaseConnection.php(593): CodeIgniter\Database\BaseConnection->simpleQuery('select photo_co...')
#3 D:\Xampp\7.4.29\htdocs\mycodeigniter\app\Models\PhotoContentModel.php(65): CodeIgniter\Database\BaseConnection->query('select photo_co...')
#4 D:\Xampp\7.4.29\htdocs\mycodeigniter\app\Controllers\Photo.php(24): App\Models\PhotoContentModel->get_level2_photo()
#5 D:\Xampp\7.4.29\htdocs\mycodeigniter\system\CodeIgniter.php(927): App\Controllers\Photo->index()
#6 D:\Xampp\7.4.29\htdocs\mycodeigniter\system\CodeIgniter.php(482): CodeIgniter\CodeIgniter->runController(Object(App\Controllers\Photo))
#7 D:\Xampp\7.4.29\htdocs\mycodeigniter\system\CodeIgniter.php(351): CodeIgniter\CodeIgniter->handleRequest(NULL, Object(Config\Cache), false)
#8 D:\Xampp\7.4.29\htdocs\mycodeigniter\public\index.php(67): CodeIgniter\CodeIgniter->run()
#9 D:\Xampp\7.4.29\htdocs\mycodeigniter\system\Commands\Server\rewrite.php(46): require_once('D:\\Xampp\\7.4.29...')
#10 {main}
CRITICAL - 2022-11-10 02:30:26 --> You have an error in your SQL syntax; check the manual that corresponds to your MariaDB server version for the right syntax to use near '2"' at line 4
in SYSTEMPATH\Database\MySQLi\Connection.php on line 292.
 1 SYSTEMPATH\Database\MySQLi\Connection.php(292): mysqli->query('select photo_contents.photo_content_id, photo_contents.photo_content_url, photo_contents.photo_content_status, content_captions.content_caption, content_captions.content_caption_lang, types_mapping.type_mapping_name
        FROM photo_contents
        LEFT JOIN content_captions on photo_contents.photo_content_id = content_captions.content_caption_connection_id
        LEFT JOIN types_mapping on photo_contents.photo_content_connection = types_mapping.type_mapping_main_code and types_mapping.type_mapping_lang = "it
        where photo_contents.photo_content_level = "2"', 0)
 2 SYSTEMPATH\Database\BaseConnection.php(666): CodeIgniter\Database\MySQLi\Connection->execute('select photo_contents.photo_content_id, photo_contents.photo_content_url, photo_contents.photo_content_status, content_captions.content_caption, content_captions.content_caption_lang, types_mapping.type_mapping_name
        FROM photo_contents
        LEFT JOIN content_captions on photo_contents.photo_content_id = content_captions.content_caption_connection_id
        LEFT JOIN types_mapping on photo_contents.photo_content_connection = types_mapping.type_mapping_main_code and types_mapping.type_mapping_lang = "it
        where photo_contents.photo_content_level = "2"')
 3 SYSTEMPATH\Database\BaseConnection.php(593): CodeIgniter\Database\BaseConnection->simpleQuery('select photo_contents.photo_content_id, photo_contents.photo_content_url, photo_contents.photo_content_status, content_captions.content_caption, content_captions.content_caption_lang, types_mapping.type_mapping_name
        FROM photo_contents
        LEFT JOIN content_captions on photo_contents.photo_content_id = content_captions.content_caption_connection_id
        LEFT JOIN types_mapping on photo_contents.photo_content_connection = types_mapping.type_mapping_main_code and types_mapping.type_mapping_lang = "it
        where photo_contents.photo_content_level = "2"')
 4 APPPATH\Models\PhotoContentModel.php(65): CodeIgniter\Database\BaseConnection->query('select photo_contents.photo_content_id, photo_contents.photo_content_url, photo_contents.photo_content_status, content_captions.content_caption, content_captions.content_caption_lang, types_mapping.type_mapping_name
        FROM photo_contents
        LEFT JOIN content_captions on photo_contents.photo_content_id = content_captions.content_caption_connection_id
        LEFT JOIN types_mapping on photo_contents.photo_content_connection = types_mapping.type_mapping_main_code and types_mapping.type_mapping_lang = "it
        where photo_contents.photo_content_level = "2"')
 5 APPPATH\Controllers\Photo.php(24): App\Models\PhotoContentModel->get_level2_photo()
 6 SYSTEMPATH\CodeIgniter.php(927): App\Controllers\Photo->index()
 7 SYSTEMPATH\CodeIgniter.php(482): CodeIgniter\CodeIgniter->runController(Object(App\Controllers\Photo))
 8 SYSTEMPATH\CodeIgniter.php(351): CodeIgniter\CodeIgniter->handleRequest(null, Object(Config\Cache), false)
 9 FCPATH\index.php(67): CodeIgniter\CodeIgniter->run()
10 SYSTEMPATH\Commands\Server\rewrite.php(46): require_once('FCPATH\\index.php')
ERROR - 2022-11-10 06:56:54 --> mysqli_sql_exception: Table 'hosts' already exists in D:\Xampp\7.4.29\htdocs\mycodeigniter\system\Database\MySQLi\Connection.php:292
Stack trace:
#0 D:\Xampp\7.4.29\htdocs\mycodeigniter\system\Database\MySQLi\Connection.php(292): mysqli->query('CREATE TABLE `h...', 0)
#1 D:\Xampp\7.4.29\htdocs\mycodeigniter\system\Database\BaseConnection.php(666): CodeIgniter\Database\MySQLi\Connection->execute('CREATE TABLE `h...')
#2 D:\Xampp\7.4.29\htdocs\mycodeigniter\system\Database\BaseConnection.php(593): CodeIgniter\Database\BaseConnection->simpleQuery('CREATE TABLE `h...')
#3 D:\Xampp\7.4.29\htdocs\mycodeigniter\system\Database\Forge.php(509): CodeIgniter\Database\BaseConnection->query('CREATE TABLE `h...')
#4 D:\Xampp\7.4.29\htdocs\mycodeigniter\app\Database\Migrations\2022-11-09-193636_Host.php(197): CodeIgniter\Database\Forge->createTable('hosts')
#5 D:\Xampp\7.4.29\htdocs\mycodeigniter\system\Database\MigrationRunner.php(868): App\Database\Migrations\Host->up()
#6 D:\Xampp\7.4.29\htdocs\mycodeigniter\system\Database\MigrationRunner.php(187): CodeIgniter\Database\MigrationRunner->migrate('up', Object(stdClass))
#7 D:\Xampp\7.4.29\htdocs\mycodeigniter\system\Commands\Database\Migrate.php(84): CodeIgniter\Database\MigrationRunner->latest(NULL)
#8 D:\Xampp\7.4.29\htdocs\mycodeigniter\system\CLI\Commands.php(63): CodeIgniter\Commands\Database\Migrate->run(Array)
#9 D:\Xampp\7.4.29\htdocs\mycodeigniter\system\CLI\CommandRunner.php(65): CodeIgniter\CLI\Commands->run('migrate', Array)
#10 D:\Xampp\7.4.29\htdocs\mycodeigniter\system\CLI\CommandRunner.php(51): CodeIgniter\CLI\CommandRunner->index(Array)
#11 D:\Xampp\7.4.29\htdocs\mycodeigniter\system\CodeIgniter.php(920): CodeIgniter\CLI\CommandRunner->_remap('index', Array)
#12 D:\Xampp\7.4.29\htdocs\mycodeigniter\system\CodeIgniter.php(482): CodeIgniter\CodeIgniter->runController(Object(CodeIgniter\CLI\CommandRunner))
#13 D:\Xampp\7.4.29\htdocs\mycodeigniter\system\CodeIgniter.php(347): CodeIgniter\CodeIgniter->handleRequest(NULL, Object(Config\Cache), false)
#14 D:\Xampp\7.4.29\htdocs\mycodeigniter\system\CLI\Console.php(48): CodeIgniter\CodeIgniter->run()
#15 D:\Xampp\7.4.29\htdocs\mycodeigniter\spark(98): CodeIgniter\CLI\Console->run()
#16 {main}
