ERROR - 2022-11-09 00:48:41 --> mysqli_sql_exception: You have an error in your SQL syntax; check the manual that corresponds to your MariaDB server version for the right syntax to use near '()
) DEFAULT CHARACTER SET = utf8mb4 COLLATE = utf8mb4_general_ci' at line 6 in D:\Xampp\7.4.29\htdocs\mycodeigniter\system\Database\MySQLi\Connection.php:292
Stack trace:
#0 D:\Xampp\7.4.29\htdocs\mycodeigniter\system\Database\MySQLi\Connection.php(292): mysqli->query('CREATE TABLE `r...', 0)
#1 D:\Xampp\7.4.29\htdocs\mycodeigniter\system\Database\BaseConnection.php(666): CodeIgniter\Database\MySQLi\Connection->execute('CREATE TABLE `r...')
#2 D:\Xampp\7.4.29\htdocs\mycodeigniter\system\Database\BaseConnection.php(593): CodeIgniter\Database\BaseConnection->simpleQuery('CREATE TABLE `r...')
#3 D:\Xampp\7.4.29\htdocs\mycodeigniter\system\Database\Forge.php(509): CodeIgniter\Database\BaseConnection->query('CREATE TABLE `r...')
#4 D:\Xampp\7.4.29\htdocs\mycodeigniter\app\Database\Migrations\2022-11-09-062908_Rate.php(29): CodeIgniter\Database\Forge->createTable('rates')
#5 D:\Xampp\7.4.29\htdocs\mycodeigniter\system\Database\MigrationRunner.php(868): App\Database\Migrations\Rate->up()
#6 D:\Xampp\7.4.29\htdocs\mycodeigniter\system\Database\MigrationRunner.php(187): CodeIgniter\Database\MigrationRunner->migrate('up', Object(stdClass))
#7 D:\Xampp\7.4.29\htdocs\mycodeigniter\system\Commands\Database\Migrate.php(84): CodeIgniter\Database\MigrationRunner->latest(NULL)
#8 D:\Xampp\7.4.29\htdocs\mycodeigniter\system\CLI\Commands.php(63): CodeIgniter\Commands\Database\Migrate->run(Array)
#9 D:\Xampp\7.4.29\htdocs\mycodeigniter\system\CLI\CommandRunner.php(65): CodeIgniter\CLI\Commands->run('migrate', Array)
#10 D:\Xampp\7.4.29\htdocs\mycodeigniter\system\CLI\CommandRunner.php(51): CodeIgniter\CLI\CommandRunner->index(Array)
#11 D:\Xampp\7.4.29\htdocs\mycodeigniter\system\CodeIgniter.php(920): CodeIgniter\CLI\CommandRunner->_remap('index', Array)
#12 D:\Xampp\7.4.29\htdocs\mycodeigniter\system\CodeIgniter.php(482): CodeIgniter\CodeIgniter->runController(Object(CodeIgniter\CLI\CommandRunner))
#13 D:\Xampp\7.4.29\htdocs\mycodeigniter\system\CodeIgniter.php(347): CodeIgniter\CodeIgniter->handleRequest(NULL, Object(Config\Cache), false)
#14 D:\Xampp\7.4.29\htdocs\mycodeigniter\system\CLI\Console.php(48): CodeIgniter\CodeIgniter->run()
#15 D:\Xampp\7.4.29\htdocs\mycodeigniter\spark(98): CodeIgniter\CLI\Console->run()
#16 {main}
ERROR - 2022-11-09 00:50:56 --> mysqli_sql_exception: You have an error in your SQL syntax; check the manual that corresponds to your MariaDB server version for the right syntax to use near '()
) DEFAULT CHARACTER SET = utf8mb4 COLLATE = utf8mb4_general_ci' at line 6 in D:\Xampp\7.4.29\htdocs\mycodeigniter\system\Database\MySQLi\Connection.php:292
Stack trace:
#0 D:\Xampp\7.4.29\htdocs\mycodeigniter\system\Database\MySQLi\Connection.php(292): mysqli->query('CREATE TABLE `r...', 0)
#1 D:\Xampp\7.4.29\htdocs\mycodeigniter\system\Database\BaseConnection.php(666): CodeIgniter\Database\MySQLi\Connection->execute('CREATE TABLE `r...')
#2 D:\Xampp\7.4.29\htdocs\mycodeigniter\system\Database\BaseConnection.php(593): CodeIgniter\Database\BaseConnection->simpleQuery('CREATE TABLE `r...')
#3 D:\Xampp\7.4.29\htdocs\mycodeigniter\system\Database\Forge.php(509): CodeIgniter\Database\BaseConnection->query('CREATE TABLE `r...')
#4 D:\Xampp\7.4.29\htdocs\mycodeigniter\app\Database\Migrations\2022-11-09-062908_Rate.php(29): CodeIgniter\Database\Forge->createTable('rates')
#5 D:\Xampp\7.4.29\htdocs\mycodeigniter\system\Database\MigrationRunner.php(868): App\Database\Migrations\Rate->up()
#6 D:\Xampp\7.4.29\htdocs\mycodeigniter\system\Database\MigrationRunner.php(187): CodeIgniter\Database\MigrationRunner->migrate('up', Object(stdClass))
#7 D:\Xampp\7.4.29\htdocs\mycodeigniter\system\Commands\Database\Migrate.php(84): CodeIgniter\Database\MigrationRunner->latest(NULL)
#8 D:\Xampp\7.4.29\htdocs\mycodeigniter\system\CLI\Commands.php(63): CodeIgniter\Commands\Database\Migrate->run(Array)
#9 D:\Xampp\7.4.29\htdocs\mycodeigniter\system\CLI\CommandRunner.php(65): CodeIgniter\CLI\Commands->run('migrate', Array)
#10 D:\Xampp\7.4.29\htdocs\mycodeigniter\system\CLI\CommandRunner.php(51): CodeIgniter\CLI\CommandRunner->index(Array)
#11 D:\Xampp\7.4.29\htdocs\mycodeigniter\system\CodeIgniter.php(920): CodeIgniter\CLI\CommandRunner->_remap('index', Array)
#12 D:\Xampp\7.4.29\htdocs\mycodeigniter\system\CodeIgniter.php(482): CodeIgniter\CodeIgniter->runController(Object(CodeIgniter\CLI\CommandRunner))
#13 D:\Xampp\7.4.29\htdocs\mycodeigniter\system\CodeIgniter.php(347): CodeIgniter\CodeIgniter->handleRequest(NULL, Object(Config\Cache), false)
#14 D:\Xampp\7.4.29\htdocs\mycodeigniter\system\CLI\Console.php(48): CodeIgniter\CodeIgniter->run()
#15 D:\Xampp\7.4.29\htdocs\mycodeigniter\spark(98): CodeIgniter\CLI\Console->run()
#16 {main}
ERROR - 2022-11-09 00:55:30 --> mysqli_sql_exception: You have an error in your SQL syntax; check the manual that corresponds to your MariaDB server version for the right syntax to use near '()
) DEFAULT CHARACTER SET = utf8mb4 COLLATE = utf8mb4_general_ci' at line 6 in D:\Xampp\7.4.29\htdocs\mycodeigniter\system\Database\MySQLi\Connection.php:292
Stack trace:
#0 D:\Xampp\7.4.29\htdocs\mycodeigniter\system\Database\MySQLi\Connection.php(292): mysqli->query('CREATE TABLE `r...', 0)
#1 D:\Xampp\7.4.29\htdocs\mycodeigniter\system\Database\BaseConnection.php(666): CodeIgniter\Database\MySQLi\Connection->execute('CREATE TABLE `r...')
#2 D:\Xampp\7.4.29\htdocs\mycodeigniter\system\Database\BaseConnection.php(593): CodeIgniter\Database\BaseConnection->simpleQuery('CREATE TABLE `r...')
#3 D:\Xampp\7.4.29\htdocs\mycodeigniter\system\Database\Forge.php(509): CodeIgniter\Database\BaseConnection->query('CREATE TABLE `r...')
#4 D:\Xampp\7.4.29\htdocs\mycodeigniter\app\Database\Migrations\2022-11-09-062908_Rate.php(29): CodeIgniter\Database\Forge->createTable('rates')
#5 D:\Xampp\7.4.29\htdocs\mycodeigniter\system\Database\MigrationRunner.php(868): App\Database\Migrations\Rate->up()
#6 D:\Xampp\7.4.29\htdocs\mycodeigniter\system\Database\MigrationRunner.php(187): CodeIgniter\Database\MigrationRunner->migrate('up', Object(stdClass))
#7 D:\Xampp\7.4.29\htdocs\mycodeigniter\system\Commands\Database\Migrate.php(84): CodeIgniter\Database\MigrationRunner->latest(NULL)
#8 D:\Xampp\7.4.29\htdocs\mycodeigniter\system\CLI\Commands.php(63): CodeIgniter\Commands\Database\Migrate->run(Array)
#9 D:\Xampp\7.4.29\htdocs\mycodeigniter\system\CLI\CommandRunner.php(65): CodeIgniter\CLI\Commands->run('migrate', Array)
#10 D:\Xampp\7.4.29\htdocs\mycodeigniter\system\CLI\CommandRunner.php(51): CodeIgniter\CLI\CommandRunner->index(Array)
#11 D:\Xampp\7.4.29\htdocs\mycodeigniter\system\CodeIgniter.php(920): CodeIgniter\CLI\CommandRunner->_remap('index', Array)
#12 D:\Xampp\7.4.29\htdocs\mycodeigniter\system\CodeIgniter.php(482): CodeIgniter\CodeIgniter->runController(Object(CodeIgniter\CLI\CommandRunner))
#13 D:\Xampp\7.4.29\htdocs\mycodeigniter\system\CodeIgniter.php(347): CodeIgniter\CodeIgniter->handleRequest(NULL, Object(Config\Cache), false)
#14 D:\Xampp\7.4.29\htdocs\mycodeigniter\system\CLI\Console.php(48): CodeIgniter\CodeIgniter->run()
#15 D:\Xampp\7.4.29\htdocs\mycodeigniter\spark(98): CodeIgniter\CLI\Console->run()
#16 {main}
ERROR - 2022-11-09 00:56:27 --> mysqli_sql_exception: You have an error in your SQL syntax; check the manual that corresponds to your MariaDB server version for the right syntax to use near '()
) DEFAULT CHARACTER SET = utf8mb4 COLLATE = utf8mb4_general_ci' at line 6 in D:\Xampp\7.4.29\htdocs\mycodeigniter\system\Database\MySQLi\Connection.php:292
Stack trace:
#0 D:\Xampp\7.4.29\htdocs\mycodeigniter\system\Database\MySQLi\Connection.php(292): mysqli->query('CREATE TABLE `r...', 0)
#1 D:\Xampp\7.4.29\htdocs\mycodeigniter\system\Database\BaseConnection.php(666): CodeIgniter\Database\MySQLi\Connection->execute('CREATE TABLE `r...')
#2 D:\Xampp\7.4.29\htdocs\mycodeigniter\system\Database\BaseConnection.php(593): CodeIgniter\Database\BaseConnection->simpleQuery('CREATE TABLE `r...')
#3 D:\Xampp\7.4.29\htdocs\mycodeigniter\system\Database\Forge.php(509): CodeIgniter\Database\BaseConnection->query('CREATE TABLE `r...')
#4 D:\Xampp\7.4.29\htdocs\mycodeigniter\app\Database\Migrations\2022-11-09-062908_Rate.php(29): CodeIgniter\Database\Forge->createTable('rates')
#5 D:\Xampp\7.4.29\htdocs\mycodeigniter\system\Database\MigrationRunner.php(868): App\Database\Migrations\Rate->up()
#6 D:\Xampp\7.4.29\htdocs\mycodeigniter\system\Database\MigrationRunner.php(187): CodeIgniter\Database\MigrationRunner->migrate('up', Object(stdClass))
#7 D:\Xampp\7.4.29\htdocs\mycodeigniter\system\Commands\Database\Migrate.php(84): CodeIgniter\Database\MigrationRunner->latest(NULL)
#8 D:\Xampp\7.4.29\htdocs\mycodeigniter\system\CLI\Commands.php(63): CodeIgniter\Commands\Database\Migrate->run(Array)
#9 D:\Xampp\7.4.29\htdocs\mycodeigniter\system\CLI\CommandRunner.php(65): CodeIgniter\CLI\Commands->run('migrate', Array)
#10 D:\Xampp\7.4.29\htdocs\mycodeigniter\system\CLI\CommandRunner.php(51): CodeIgniter\CLI\CommandRunner->index(Array)
#11 D:\Xampp\7.4.29\htdocs\mycodeigniter\system\CodeIgniter.php(920): CodeIgniter\CLI\CommandRunner->_remap('index', Array)
#12 D:\Xampp\7.4.29\htdocs\mycodeigniter\system\CodeIgniter.php(482): CodeIgniter\CodeIgniter->runController(Object(CodeIgniter\CLI\CommandRunner))
#13 D:\Xampp\7.4.29\htdocs\mycodeigniter\system\CodeIgniter.php(347): CodeIgniter\CodeIgniter->handleRequest(NULL, Object(Config\Cache), false)
#14 D:\Xampp\7.4.29\htdocs\mycodeigniter\system\CLI\Console.php(48): CodeIgniter\CodeIgniter->run()
#15 D:\Xampp\7.4.29\htdocs\mycodeigniter\spark(98): CodeIgniter\CLI\Console->run()
#16 {main}
ERROR - 2022-11-09 01:12:33 --> mysqli_sql_exception: You have an error in your SQL syntax; check the manual that corresponds to your MariaDB server version for the right syntax to use near '()
) DEFAULT CHARACTER SET = utf8mb4 COLLATE = utf8mb4_general_ci' at line 6 in D:\Xampp\7.4.29\htdocs\mycodeigniter\system\Database\MySQLi\Connection.php:292
Stack trace:
#0 D:\Xampp\7.4.29\htdocs\mycodeigniter\system\Database\MySQLi\Connection.php(292): mysqli->query('CREATE TABLE `r...', 0)
#1 D:\Xampp\7.4.29\htdocs\mycodeigniter\system\Database\BaseConnection.php(666): CodeIgniter\Database\MySQLi\Connection->execute('CREATE TABLE `r...')
#2 D:\Xampp\7.4.29\htdocs\mycodeigniter\system\Database\BaseConnection.php(593): CodeIgniter\Database\BaseConnection->simpleQuery('CREATE TABLE `r...')
#3 D:\Xampp\7.4.29\htdocs\mycodeigniter\system\Database\Forge.php(509): CodeIgniter\Database\BaseConnection->query('CREATE TABLE `r...')
#4 D:\Xampp\7.4.29\htdocs\mycodeigniter\app\Database\Migrations\2022-11-09-070958_Rate.php(29): CodeIgniter\Database\Forge->createTable('rates')
#5 D:\Xampp\7.4.29\htdocs\mycodeigniter\system\Database\MigrationRunner.php(868): App\Database\Migrations\Rate->up()
#6 D:\Xampp\7.4.29\htdocs\mycodeigniter\system\Database\MigrationRunner.php(187): CodeIgniter\Database\MigrationRunner->migrate('up', Object(stdClass))
#7 D:\Xampp\7.4.29\htdocs\mycodeigniter\system\Commands\Database\Migrate.php(84): CodeIgniter\Database\MigrationRunner->latest(NULL)
#8 D:\Xampp\7.4.29\htdocs\mycodeigniter\system\CLI\Commands.php(63): CodeIgniter\Commands\Database\Migrate->run(Array)
#9 D:\Xampp\7.4.29\htdocs\mycodeigniter\system\CLI\CommandRunner.php(65): CodeIgniter\CLI\Commands->run('migrate', Array)
#10 D:\Xampp\7.4.29\htdocs\mycodeigniter\system\CLI\CommandRunner.php(51): CodeIgniter\CLI\CommandRunner->index(Array)
#11 D:\Xampp\7.4.29\htdocs\mycodeigniter\system\CodeIgniter.php(920): CodeIgniter\CLI\CommandRunner->_remap('index', Array)
#12 D:\Xampp\7.4.29\htdocs\mycodeigniter\system\CodeIgniter.php(482): CodeIgniter\CodeIgniter->runController(Object(CodeIgniter\CLI\CommandRunner))
#13 D:\Xampp\7.4.29\htdocs\mycodeigniter\system\CodeIgniter.php(347): CodeIgniter\CodeIgniter->handleRequest(NULL, Object(Config\Cache), false)
#14 D:\Xampp\7.4.29\htdocs\mycodeigniter\system\CLI\Console.php(48): CodeIgniter\CodeIgniter->run()
#15 D:\Xampp\7.4.29\htdocs\mycodeigniter\spark(98): CodeIgniter\CLI\Console->run()
#16 {main}
ERROR - 2022-11-09 01:31:08 --> mysqli_sql_exception: Table 'rates' already exists in D:\Xampp\7.4.29\htdocs\mycodeigniter\system\Database\MySQLi\Connection.php:292
Stack trace:
#0 D:\Xampp\7.4.29\htdocs\mycodeigniter\system\Database\MySQLi\Connection.php(292): mysqli->query('CREATE TABLE `r...', 0)
#1 D:\Xampp\7.4.29\htdocs\mycodeigniter\system\Database\BaseConnection.php(666): CodeIgniter\Database\MySQLi\Connection->execute('CREATE TABLE `r...')
#2 D:\Xampp\7.4.29\htdocs\mycodeigniter\system\Database\BaseConnection.php(593): CodeIgniter\Database\BaseConnection->simpleQuery('CREATE TABLE `r...')
#3 D:\Xampp\7.4.29\htdocs\mycodeigniter\system\Database\Forge.php(509): CodeIgniter\Database\BaseConnection->query('CREATE TABLE `r...')
#4 D:\Xampp\7.4.29\htdocs\mycodeigniter\app\Database\Migrations\2022-11-09-070958_Rate.php(29): CodeIgniter\Database\Forge->createTable('rates')
#5 D:\Xampp\7.4.29\htdocs\mycodeigniter\system\Database\MigrationRunner.php(868): App\Database\Migrations\Rate->up()
#6 D:\Xampp\7.4.29\htdocs\mycodeigniter\system\Database\MigrationRunner.php(187): CodeIgniter\Database\MigrationRunner->migrate('up', Object(stdClass))
#7 D:\Xampp\7.4.29\htdocs\mycodeigniter\system\Commands\Database\Migrate.php(84): CodeIgniter\Database\MigrationRunner->latest(NULL)
#8 D:\Xampp\7.4.29\htdocs\mycodeigniter\system\CLI\Commands.php(63): CodeIgniter\Commands\Database\Migrate->run(Array)
#9 D:\Xampp\7.4.29\htdocs\mycodeigniter\system\CLI\CommandRunner.php(65): CodeIgniter\CLI\Commands->run('migrate', Array)
#10 D:\Xampp\7.4.29\htdocs\mycodeigniter\system\CLI\CommandRunner.php(51): CodeIgniter\CLI\CommandRunner->index(Array)
#11 D:\Xampp\7.4.29\htdocs\mycodeigniter\system\CodeIgniter.php(920): CodeIgniter\CLI\CommandRunner->_remap('index', Array)
#12 D:\Xampp\7.4.29\htdocs\mycodeigniter\system\CodeIgniter.php(482): CodeIgniter\CodeIgniter->runController(Object(CodeIgniter\CLI\CommandRunner))
#13 D:\Xampp\7.4.29\htdocs\mycodeigniter\system\CodeIgniter.php(347): CodeIgniter\CodeIgniter->handleRequest(NULL, Object(Config\Cache), false)
#14 D:\Xampp\7.4.29\htdocs\mycodeigniter\system\CLI\Console.php(48): CodeIgniter\CodeIgniter->run()
#15 D:\Xampp\7.4.29\htdocs\mycodeigniter\spark(98): CodeIgniter\CLI\Console->run()
#16 {main}
ERROR - 2022-11-09 14:47:08 --> mysqli_sql_exception: You have an error in your SQL syntax; check the manual that corresponds to your MariaDB server version for the right syntax to use near '(10) NOT NULL,
	`rate_guests_included` INT(11) NOT NULL,
	`rate_downpayment` ...' at line 5 in D:\Xampp\7.4.29\htdocs\mycodeigniter\system\Database\MySQLi\Connection.php:292
Stack trace:
#0 D:\Xampp\7.4.29\htdocs\mycodeigniter\system\Database\MySQLi\Connection.php(292): mysqli->query('CREATE TABLE `r...', 0)
#1 D:\Xampp\7.4.29\htdocs\mycodeigniter\system\Database\BaseConnection.php(666): CodeIgniter\Database\MySQLi\Connection->execute('CREATE TABLE `r...')
#2 D:\Xampp\7.4.29\htdocs\mycodeigniter\system\Database\BaseConnection.php(593): CodeIgniter\Database\BaseConnection->simpleQuery('CREATE TABLE `r...')
#3 D:\Xampp\7.4.29\htdocs\mycodeigniter\system\Database\Forge.php(509): CodeIgniter\Database\BaseConnection->query('CREATE TABLE `r...')
#4 D:\Xampp\7.4.29\htdocs\mycodeigniter\app\Database\Migrations\2022-11-09-203608_Rate.php(48): CodeIgniter\Database\Forge->createTable('rates')
#5 D:\Xampp\7.4.29\htdocs\mycodeigniter\system\Database\MigrationRunner.php(868): App\Database\Migrations\Rate->up()
#6 D:\Xampp\7.4.29\htdocs\mycodeigniter\system\Database\MigrationRunner.php(187): CodeIgniter\Database\MigrationRunner->migrate('up', Object(stdClass))
#7 D:\Xampp\7.4.29\htdocs\mycodeigniter\system\Commands\Database\Migrate.php(84): CodeIgniter\Database\MigrationRunner->latest(NULL)
#8 D:\Xampp\7.4.29\htdocs\mycodeigniter\system\CLI\Commands.php(63): CodeIgniter\Commands\Database\Migrate->run(Array)
#9 D:\Xampp\7.4.29\htdocs\mycodeigniter\system\CLI\CommandRunner.php(65): CodeIgniter\CLI\Commands->run('migrate', Array)
#10 D:\Xampp\7.4.29\htdocs\mycodeigniter\system\CLI\CommandRunner.php(51): CodeIgniter\CLI\CommandRunner->index(Array)
#11 D:\Xampp\7.4.29\htdocs\mycodeigniter\system\CodeIgniter.php(920): CodeIgniter\CLI\CommandRunner->_remap('index', Array)
#12 D:\Xampp\7.4.29\htdocs\mycodeigniter\system\CodeIgniter.php(482): CodeIgniter\CodeIgniter->runController(Object(CodeIgniter\CLI\CommandRunner))
#13 D:\Xampp\7.4.29\htdocs\mycodeigniter\system\CodeIgniter.php(347): CodeIgniter\CodeIgniter->handleRequest(NULL, Object(Config\Cache), false)
#14 D:\Xampp\7.4.29\htdocs\mycodeigniter\system\CLI\Console.php(48): CodeIgniter\CodeIgniter->run()
#15 D:\Xampp\7.4.29\htdocs\mycodeigniter\spark(98): CodeIgniter\CLI\Console->run()
#16 {main}
ERROR - 2022-11-09 15:33:49 --> mysqli_sql_exception: You have an error in your SQL syntax; check the manual that corresponds to your MariaDB server version for the right syntax to use near 'CURRENT_TIMESTAMP) NOT NULL,
	`filter_mapping_lastupdate` TIMESTAMP(CURRENT_T...' at line 8 in D:\Xampp\7.4.29\htdocs\mycodeigniter\system\Database\MySQLi\Connection.php:292
Stack trace:
#0 D:\Xampp\7.4.29\htdocs\mycodeigniter\system\Database\MySQLi\Connection.php(292): mysqli->query('CREATE TABLE `f...', 0)
#1 D:\Xampp\7.4.29\htdocs\mycodeigniter\system\Database\BaseConnection.php(666): CodeIgniter\Database\MySQLi\Connection->execute('CREATE TABLE `f...')
#2 D:\Xampp\7.4.29\htdocs\mycodeigniter\system\Database\BaseConnection.php(593): CodeIgniter\Database\BaseConnection->simpleQuery('CREATE TABLE `f...')
#3 D:\Xampp\7.4.29\htdocs\mycodeigniter\system\Database\Forge.php(509): CodeIgniter\Database\BaseConnection->query('CREATE TABLE `f...')
#4 D:\Xampp\7.4.29\htdocs\mycodeigniter\app\Database\Migrations\2022-11-09-212857_FilterMapping.php(48): CodeIgniter\Database\Forge->createTable('filters_mapping')
#5 D:\Xampp\7.4.29\htdocs\mycodeigniter\system\Database\MigrationRunner.php(868): App\Database\Migrations\FilterMapping->up()
#6 D:\Xampp\7.4.29\htdocs\mycodeigniter\system\Database\MigrationRunner.php(187): CodeIgniter\Database\MigrationRunner->migrate('up', Object(stdClass))
#7 D:\Xampp\7.4.29\htdocs\mycodeigniter\system\Commands\Database\Migrate.php(84): CodeIgniter\Database\MigrationRunner->latest(NULL)
#8 D:\Xampp\7.4.29\htdocs\mycodeigniter\system\CLI\Commands.php(63): CodeIgniter\Commands\Database\Migrate->run(Array)
#9 D:\Xampp\7.4.29\htdocs\mycodeigniter\system\CLI\CommandRunner.php(65): CodeIgniter\CLI\Commands->run('migrate', Array)
#10 D:\Xampp\7.4.29\htdocs\mycodeigniter\system\CLI\CommandRunner.php(51): CodeIgniter\CLI\CommandRunner->index(Array)
#11 D:\Xampp\7.4.29\htdocs\mycodeigniter\system\CodeIgniter.php(920): CodeIgniter\CLI\CommandRunner->_remap('index', Array)
#12 D:\Xampp\7.4.29\htdocs\mycodeigniter\system\CodeIgniter.php(482): CodeIgniter\CodeIgniter->runController(Object(CodeIgniter\CLI\CommandRunner))
#13 D:\Xampp\7.4.29\htdocs\mycodeigniter\system\CodeIgniter.php(347): CodeIgniter\CodeIgniter->handleRequest(NULL, Object(Config\Cache), false)
#14 D:\Xampp\7.4.29\htdocs\mycodeigniter\system\CLI\Console.php(48): CodeIgniter\CodeIgniter->run()
#15 D:\Xampp\7.4.29\htdocs\mycodeigniter\spark(98): CodeIgniter\CLI\Console->run()
#16 {main}
ERROR - 2022-11-09 18:21:55 --> mysqli_sql_exception: You have an error in your SQL syntax; check the manual that corresponds to your MariaDB server version for the right syntax to use near 'CURRENT_TIMESTAMP) NOT NULL,
	`daily_rate_baserate` DECIMAL(10, 2) NOT NULL,
...' at line 6 in D:\Xampp\7.4.29\htdocs\mycodeigniter\system\Database\MySQLi\Connection.php:292
Stack trace:
#0 D:\Xampp\7.4.29\htdocs\mycodeigniter\system\Database\MySQLi\Connection.php(292): mysqli->query('CREATE TABLE `r...', 0)
#1 D:\Xampp\7.4.29\htdocs\mycodeigniter\system\Database\BaseConnection.php(666): CodeIgniter\Database\MySQLi\Connection->execute('CREATE TABLE `r...')
#2 D:\Xampp\7.4.29\htdocs\mycodeigniter\system\Database\BaseConnection.php(593): CodeIgniter\Database\BaseConnection->simpleQuery('CREATE TABLE `r...')
#3 D:\Xampp\7.4.29\htdocs\mycodeigniter\system\Database\Forge.php(509): CodeIgniter\Database\BaseConnection->query('CREATE TABLE `r...')
#4 D:\Xampp\7.4.29\htdocs\mycodeigniter\app\Database\Migrations\2022-11-10-001455_RateCalendar.php(68): CodeIgniter\Database\Forge->createTable('rates_calendar')
#5 D:\Xampp\7.4.29\htdocs\mycodeigniter\system\Database\MigrationRunner.php(868): App\Database\Migrations\RateCalendar->up()
#6 D:\Xampp\7.4.29\htdocs\mycodeigniter\system\Database\MigrationRunner.php(187): CodeIgniter\Database\MigrationRunner->migrate('up', Object(stdClass))
#7 D:\Xampp\7.4.29\htdocs\mycodeigniter\system\Commands\Database\Migrate.php(84): CodeIgniter\Database\MigrationRunner->latest(NULL)
#8 D:\Xampp\7.4.29\htdocs\mycodeigniter\system\CLI\Commands.php(63): CodeIgniter\Commands\Database\Migrate->run(Array)
#9 D:\Xampp\7.4.29\htdocs\mycodeigniter\system\CLI\CommandRunner.php(65): CodeIgniter\CLI\Commands->run('migrate', Array)
#10 D:\Xampp\7.4.29\htdocs\mycodeigniter\system\CLI\CommandRunner.php(51): CodeIgniter\CLI\CommandRunner->index(Array)
#11 D:\Xampp\7.4.29\htdocs\mycodeigniter\system\CodeIgniter.php(920): CodeIgniter\CLI\CommandRunner->_remap('index', Array)
#12 D:\Xampp\7.4.29\htdocs\mycodeigniter\system\CodeIgniter.php(482): CodeIgniter\CodeIgniter->runController(Object(CodeIgniter\CLI\CommandRunner))
#13 D:\Xampp\7.4.29\htdocs\mycodeigniter\system\CodeIgniter.php(347): CodeIgniter\CodeIgniter->handleRequest(NULL, Object(Config\Cache), false)
#14 D:\Xampp\7.4.29\htdocs\mycodeigniter\system\CLI\Console.php(48): CodeIgniter\CodeIgniter->run()
#15 D:\Xampp\7.4.29\htdocs\mycodeigniter\spark(98): CodeIgniter\CLI\Console->run()
#16 {main}
ERROR - 2022-11-09 23:56:33 --> mysqli_sql_exception: You have an error in your SQL syntax; check the manual that corresponds to your MariaDB server version for the right syntax to use near 'CURRENT_TIMESTAMP) NOT NULL,
	CONSTRAINT `pk_services_booked` PRIMARY KEY(`se...' at line 10 in D:\Xampp\7.4.29\htdocs\mycodeigniter\system\Database\MySQLi\Connection.php:292
Stack trace:
#0 D:\Xampp\7.4.29\htdocs\mycodeigniter\system\Database\MySQLi\Connection.php(292): mysqli->query('CREATE TABLE `s...', 0)
#1 D:\Xampp\7.4.29\htdocs\mycodeigniter\system\Database\BaseConnection.php(666): CodeIgniter\Database\MySQLi\Connection->execute('CREATE TABLE `s...')
#2 D:\Xampp\7.4.29\htdocs\mycodeigniter\system\Database\BaseConnection.php(593): CodeIgniter\Database\BaseConnection->simpleQuery('CREATE TABLE `s...')
#3 D:\Xampp\7.4.29\htdocs\mycodeigniter\system\Database\Forge.php(509): CodeIgniter\Database\BaseConnection->query('CREATE TABLE `s...')
#4 D:\Xampp\7.4.29\htdocs\mycodeigniter\app\Database\Migrations\2022-11-10-055108_ServiceBooked.php(54): CodeIgniter\Database\Forge->createTable('services_booked')
#5 D:\Xampp\7.4.29\htdocs\mycodeigniter\system\Database\MigrationRunner.php(868): App\Database\Migrations\ServiceBooked->up()
#6 D:\Xampp\7.4.29\htdocs\mycodeigniter\system\Database\MigrationRunner.php(187): CodeIgniter\Database\MigrationRunner->migrate('up', Object(stdClass))
#7 D:\Xampp\7.4.29\htdocs\mycodeigniter\system\Commands\Database\Migrate.php(84): CodeIgniter\Database\MigrationRunner->latest(NULL)
#8 D:\Xampp\7.4.29\htdocs\mycodeigniter\system\CLI\Commands.php(63): CodeIgniter\Commands\Database\Migrate->run(Array)
#9 D:\Xampp\7.4.29\htdocs\mycodeigniter\system\CLI\CommandRunner.php(65): CodeIgniter\CLI\Commands->run('migrate', Array)
#10 D:\Xampp\7.4.29\htdocs\mycodeigniter\system\CLI\CommandRunner.php(51): CodeIgniter\CLI\CommandRunner->index(Array)
#11 D:\Xampp\7.4.29\htdocs\mycodeigniter\system\CodeIgniter.php(920): CodeIgniter\CLI\CommandRunner->_remap('index', Array)
#12 D:\Xampp\7.4.29\htdocs\mycodeigniter\system\CodeIgniter.php(482): CodeIgniter\CodeIgniter->runController(Object(CodeIgniter\CLI\CommandRunner))
#13 D:\Xampp\7.4.29\htdocs\mycodeigniter\system\CodeIgniter.php(347): CodeIgniter\CodeIgniter->handleRequest(NULL, Object(Config\Cache), false)
#14 D:\Xampp\7.4.29\htdocs\mycodeigniter\system\CLI\Console.php(48): CodeIgniter\CodeIgniter->run()
#15 D:\Xampp\7.4.29\htdocs\mycodeigniter\spark(98): CodeIgniter\CLI\Console->run()
#16 {main}
