CRITICAL - 2022-11-07 02:50:39 --> The framework needs the following extension(s) installed and loaded: intl.
in SYSTEMPATH\CodeIgniter.php on line 224.
 1 SYSTEMPATH\CodeIgniter.php(224): CodeIgniter\Exceptions\FrameworkException::forMissingExtension('intl')
 2 SYSTEMPATH\CodeIgniter.php(182): CodeIgniter\CodeIgniter->resolvePlatformExtensions()
 3 ROOTPATH\spark(83): CodeIgniter\CodeIgniter->initialize()
CRITICAL - 2022-11-07 02:50:41 --> The framework needs the following extension(s) installed and loaded: intl.
in SYSTEMPATH\CodeIgniter.php on line 224.
 1 SYSTEMPATH\CodeIgniter.php(224): CodeIgniter\Exceptions\FrameworkException::forMissingExtension('intl')
 2 SYSTEMPATH\CodeIgniter.php(182): CodeIgniter\CodeIgniter->resolvePlatformExtensions()
 3 ROOTPATH\spark(83): CodeIgniter\CodeIgniter->initialize()
CRITICAL - 2022-11-07 02:56:37 --> The framework needs the following extension(s) installed and loaded: intl.
in SYSTEMPATH\CodeIgniter.php on line 224.
 1 SYSTEMPATH\CodeIgniter.php(224): CodeIgniter\Exceptions\FrameworkException::forMissingExtension('intl')
 2 SYSTEMPATH\CodeIgniter.php(182): CodeIgniter\CodeIgniter->resolvePlatformExtensions()
 3 ROOTPATH\spark(83): CodeIgniter\CodeIgniter->initialize()
CRITICAL - 2022-11-07 02:59:33 --> The framework needs the following extension(s) installed and loaded: intl.
in SYSTEMPATH\CodeIgniter.php on line 224.
 1 SYSTEMPATH\CodeIgniter.php(224): CodeIgniter\Exceptions\FrameworkException::forMissingExtension('intl')
 2 SYSTEMPATH\CodeIgniter.php(182): CodeIgniter\CodeIgniter->resolvePlatformExtensions()
 3 ROOTPATH\spark(83): CodeIgniter\CodeIgniter->initialize()
CRITICAL - 2022-11-07 03:03:06 --> The framework needs the following extension(s) installed and loaded: intl.
in SYSTEMPATH\CodeIgniter.php on line 224.
 1 SYSTEMPATH\CodeIgniter.php(224): CodeIgniter\Exceptions\FrameworkException::forMissingExtension('intl')
 2 SYSTEMPATH\CodeIgniter.php(182): CodeIgniter\CodeIgniter->resolvePlatformExtensions()
 3 ROOTPATH\spark(83): CodeIgniter\CodeIgniter->initialize()
CRITICAL - 2022-11-07 03:05:04 --> The framework needs the following extension(s) installed and loaded: intl.
in SYSTEMPATH\CodeIgniter.php on line 224.
 1 SYSTEMPATH\CodeIgniter.php(224): CodeIgniter\Exceptions\FrameworkException::forMissingExtension('intl')
 2 SYSTEMPATH\CodeIgniter.php(182): CodeIgniter\CodeIgniter->resolvePlatformExtensions()
 3 ROOTPATH\spark(83): CodeIgniter\CodeIgniter->initialize()
CRITICAL - 2022-11-07 03:05:15 --> The framework needs the following extension(s) installed and loaded: intl.
in SYSTEMPATH\CodeIgniter.php on line 224.
 1 SYSTEMPATH\CodeIgniter.php(224): CodeIgniter\Exceptions\FrameworkException::forMissingExtension('intl')
 2 SYSTEMPATH\CodeIgniter.php(182): CodeIgniter\CodeIgniter->resolvePlatformExtensions()
 3 ROOTPATH\spark(83): CodeIgniter\CodeIgniter->initialize()
CRITICAL - 2022-11-07 03:05:25 --> The framework needs the following extension(s) installed and loaded: intl.
in SYSTEMPATH\CodeIgniter.php on line 224.
 1 SYSTEMPATH\CodeIgniter.php(224): CodeIgniter\Exceptions\FrameworkException::forMissingExtension('intl')
 2 SYSTEMPATH\CodeIgniter.php(182): CodeIgniter\CodeIgniter->resolvePlatformExtensions()
 3 ROOTPATH\spark(83): CodeIgniter\CodeIgniter->initialize()
CRITICAL - 2022-11-07 12:38:46 --> Allowed fields must be specified for model: App\Models\UserModel
in SYSTEMPATH\BaseModel.php on line 1160.
 1 SYSTEMPATH\BaseModel.php(1160): CodeIgniter\Database\Exceptions\DataException::forInvalidAllowedFields('App\\Models\\UserModel')
 2 SYSTEMPATH\BaseModel.php(724): CodeIgniter\BaseModel->doProtectFields([...])
 3 SYSTEMPATH\Model.php(667): CodeIgniter\BaseModel->insert([...], false)
 4 SYSTEMPATH\BaseModel.php(659): CodeIgniter\Model->insert([...], false)
 5 APPPATH\Controllers\Register.php(28): CodeIgniter\BaseModel->save([...])
 6 SYSTEMPATH\CodeIgniter.php(927): App\Controllers\Register->index()
 7 SYSTEMPATH\CodeIgniter.php(482): CodeIgniter\CodeIgniter->runController(Object(App\Controllers\Register))
 8 SYSTEMPATH\CodeIgniter.php(351): CodeIgniter\CodeIgniter->handleRequest(null, Object(Config\Cache), false)
 9 FCPATH\index.php(67): CodeIgniter\CodeIgniter->run()
10 SYSTEMPATH\Commands\Server\rewrite.php(46): require_once('FCPATH\\index.php')
CRITICAL - 2022-11-07 12:39:43 --> Allowed fields must be specified for model: App\Models\UserModel
in SYSTEMPATH\BaseModel.php on line 1160.
 1 SYSTEMPATH\BaseModel.php(1160): CodeIgniter\Database\Exceptions\DataException::forInvalidAllowedFields('App\\Models\\UserModel')
 2 SYSTEMPATH\BaseModel.php(724): CodeIgniter\BaseModel->doProtectFields([...])
 3 SYSTEMPATH\Model.php(667): CodeIgniter\BaseModel->insert([...], false)
 4 SYSTEMPATH\BaseModel.php(659): CodeIgniter\Model->insert([...], false)
 5 APPPATH\Controllers\Register.php(28): CodeIgniter\BaseModel->save([...])
 6 SYSTEMPATH\CodeIgniter.php(927): App\Controllers\Register->index()
 7 SYSTEMPATH\CodeIgniter.php(482): CodeIgniter\CodeIgniter->runController(Object(App\Controllers\Register))
 8 SYSTEMPATH\CodeIgniter.php(351): CodeIgniter\CodeIgniter->handleRequest(null, Object(Config\Cache), false)
 9 FCPATH\index.php(67): CodeIgniter\CodeIgniter->run()
10 SYSTEMPATH\Commands\Server\rewrite.php(46): require_once('FCPATH\\index.php')
CRITICAL - 2022-11-07 12:40:59 --> Allowed fields must be specified for model: App\Models\UserModel
in SYSTEMPATH\BaseModel.php on line 1160.
 1 SYSTEMPATH\BaseModel.php(1160): CodeIgniter\Database\Exceptions\DataException::forInvalidAllowedFields('App\\Models\\UserModel')
 2 SYSTEMPATH\BaseModel.php(724): CodeIgniter\BaseModel->doProtectFields([...])
 3 SYSTEMPATH\Model.php(667): CodeIgniter\BaseModel->insert([...], false)
 4 SYSTEMPATH\BaseModel.php(659): CodeIgniter\Model->insert([...], false)
 5 APPPATH\Controllers\Register.php(28): CodeIgniter\BaseModel->save([...])
 6 SYSTEMPATH\CodeIgniter.php(927): App\Controllers\Register->index()
 7 SYSTEMPATH\CodeIgniter.php(482): CodeIgniter\CodeIgniter->runController(Object(App\Controllers\Register))
 8 SYSTEMPATH\CodeIgniter.php(351): CodeIgniter\CodeIgniter->handleRequest(null, Object(Config\Cache), false)
 9 FCPATH\index.php(67): CodeIgniter\CodeIgniter->run()
10 SYSTEMPATH\Commands\Server\rewrite.php(46): require_once('FCPATH\\index.php')
CRITICAL - 2022-11-07 12:42:27 --> Allowed fields must be specified for model: App\Models\UserModel
in SYSTEMPATH\BaseModel.php on line 1160.
 1 SYSTEMPATH\BaseModel.php(1160): CodeIgniter\Database\Exceptions\DataException::forInvalidAllowedFields('App\\Models\\UserModel')
 2 SYSTEMPATH\BaseModel.php(724): CodeIgniter\BaseModel->doProtectFields([...])
 3 SYSTEMPATH\Model.php(667): CodeIgniter\BaseModel->insert([...], false)
 4 SYSTEMPATH\BaseModel.php(659): CodeIgniter\Model->insert([...], false)
 5 APPPATH\Controllers\Register.php(29): CodeIgniter\BaseModel->save([...])
 6 SYSTEMPATH\CodeIgniter.php(927): App\Controllers\Register->index()
 7 SYSTEMPATH\CodeIgniter.php(482): CodeIgniter\CodeIgniter->runController(Object(App\Controllers\Register))
 8 SYSTEMPATH\CodeIgniter.php(351): CodeIgniter\CodeIgniter->handleRequest(null, Object(Config\Cache), false)
 9 FCPATH\index.php(67): CodeIgniter\CodeIgniter->run()
10 SYSTEMPATH\Commands\Server\rewrite.php(46): require_once('FCPATH\\index.php')
CRITICAL - 2022-11-07 12:43:14 --> Allowed fields must be specified for model: App\Models\UserModel
in SYSTEMPATH\BaseModel.php on line 1160.
 1 SYSTEMPATH\BaseModel.php(1160): CodeIgniter\Database\Exceptions\DataException::forInvalidAllowedFields('App\\Models\\UserModel')
 2 SYSTEMPATH\BaseModel.php(724): CodeIgniter\BaseModel->doProtectFields([...])
 3 SYSTEMPATH\Model.php(667): CodeIgniter\BaseModel->insert([...], false)
 4 SYSTEMPATH\BaseModel.php(659): CodeIgniter\Model->insert([...], false)
 5 APPPATH\Controllers\Register.php(28): CodeIgniter\BaseModel->save([...])
 6 SYSTEMPATH\CodeIgniter.php(927): App\Controllers\Register->index()
 7 SYSTEMPATH\CodeIgniter.php(482): CodeIgniter\CodeIgniter->runController(Object(App\Controllers\Register))
 8 SYSTEMPATH\CodeIgniter.php(351): CodeIgniter\CodeIgniter->handleRequest(null, Object(Config\Cache), false)
 9 FCPATH\index.php(67): CodeIgniter\CodeIgniter->run()
10 SYSTEMPATH\Commands\Server\rewrite.php(46): require_once('FCPATH\\index.php')
CRITICAL - 2022-11-07 12:46:05 --> Allowed fields must be specified for model: App\Models\UserModel
in SYSTEMPATH\BaseModel.php on line 1160.
 1 SYSTEMPATH\BaseModel.php(1160): CodeIgniter\Database\Exceptions\DataException::forInvalidAllowedFields('App\\Models\\UserModel')
 2 SYSTEMPATH\BaseModel.php(724): CodeIgniter\BaseModel->doProtectFields([...])
 3 SYSTEMPATH\Model.php(667): CodeIgniter\BaseModel->insert([...], false)
 4 SYSTEMPATH\BaseModel.php(659): CodeIgniter\Model->insert([...], false)
 5 APPPATH\Controllers\Register.php(28): CodeIgniter\BaseModel->save([...])
 6 SYSTEMPATH\CodeIgniter.php(927): App\Controllers\Register->index()
 7 SYSTEMPATH\CodeIgniter.php(482): CodeIgniter\CodeIgniter->runController(Object(App\Controllers\Register))
 8 SYSTEMPATH\CodeIgniter.php(351): CodeIgniter\CodeIgniter->handleRequest(null, Object(Config\Cache), false)
 9 FCPATH\index.php(67): CodeIgniter\CodeIgniter->run()
10 SYSTEMPATH\Commands\Server\rewrite.php(46): require_once('FCPATH\\index.php')
CRITICAL - 2022-11-07 12:46:46 --> Allowed fields must be specified for model: App\Models\UserModel
in SYSTEMPATH\BaseModel.php on line 1160.
 1 SYSTEMPATH\BaseModel.php(1160): CodeIgniter\Database\Exceptions\DataException::forInvalidAllowedFields('App\\Models\\UserModel')
 2 SYSTEMPATH\BaseModel.php(724): CodeIgniter\BaseModel->doProtectFields([...])
 3 SYSTEMPATH\Model.php(667): CodeIgniter\BaseModel->insert([...], false)
 4 SYSTEMPATH\BaseModel.php(659): CodeIgniter\Model->insert([...], false)
 5 APPPATH\Controllers\Register.php(28): CodeIgniter\BaseModel->save([...])
 6 SYSTEMPATH\CodeIgniter.php(927): App\Controllers\Register->index()
 7 SYSTEMPATH\CodeIgniter.php(482): CodeIgniter\CodeIgniter->runController(Object(App\Controllers\Register))
 8 SYSTEMPATH\CodeIgniter.php(351): CodeIgniter\CodeIgniter->handleRequest(null, Object(Config\Cache), false)
 9 FCPATH\index.php(67): CodeIgniter\CodeIgniter->run()
CRITICAL - 2022-11-07 12:51:44 --> Allowed fields must be specified for model: App\Models\UserModel
in SYSTEMPATH\BaseModel.php on line 1160.
 1 SYSTEMPATH\BaseModel.php(1160): CodeIgniter\Database\Exceptions\DataException::forInvalidAllowedFields('App\\Models\\UserModel')
 2 SYSTEMPATH\BaseModel.php(724): CodeIgniter\BaseModel->doProtectFields([...])
 3 SYSTEMPATH\Model.php(667): CodeIgniter\BaseModel->insert([...], false)
 4 SYSTEMPATH\BaseModel.php(659): CodeIgniter\Model->insert([...], false)
 5 APPPATH\Controllers\Register.php(28): CodeIgniter\BaseModel->save([...])
 6 SYSTEMPATH\CodeIgniter.php(927): App\Controllers\Register->index()
 7 SYSTEMPATH\CodeIgniter.php(482): CodeIgniter\CodeIgniter->runController(Object(App\Controllers\Register))
 8 SYSTEMPATH\CodeIgniter.php(351): CodeIgniter\CodeIgniter->handleRequest(null, Object(Config\Cache), false)
 9 FCPATH\index.php(67): CodeIgniter\CodeIgniter->run()
10 SYSTEMPATH\Commands\Server\rewrite.php(46): require_once('FCPATH\\index.php')
CRITICAL - 2022-11-07 12:52:14 --> Allowed fields must be specified for model: App\Models\UserModel
in SYSTEMPATH\BaseModel.php on line 1160.
 1 SYSTEMPATH\BaseModel.php(1160): CodeIgniter\Database\Exceptions\DataException::forInvalidAllowedFields('App\\Models\\UserModel')
 2 SYSTEMPATH\BaseModel.php(724): CodeIgniter\BaseModel->doProtectFields([...])
 3 SYSTEMPATH\Model.php(667): CodeIgniter\BaseModel->insert([...], false)
 4 SYSTEMPATH\BaseModel.php(659): CodeIgniter\Model->insert([...], false)
 5 APPPATH\Controllers\Register.php(28): CodeIgniter\BaseModel->save([...])
 6 SYSTEMPATH\CodeIgniter.php(927): App\Controllers\Register->index()
 7 SYSTEMPATH\CodeIgniter.php(482): CodeIgniter\CodeIgniter->runController(Object(App\Controllers\Register))
 8 SYSTEMPATH\CodeIgniter.php(351): CodeIgniter\CodeIgniter->handleRequest(null, Object(Config\Cache), false)
 9 FCPATH\index.php(67): CodeIgniter\CodeIgniter->run()
10 SYSTEMPATH\Commands\Server\rewrite.php(46): require_once('FCPATH\\index.php')
CRITICAL - 2022-11-07 13:01:22 --> Call to undefined function App\Controllers\now()
in APPPATH\Controllers\Register.php on line 27.
 1 SYSTEMPATH\CodeIgniter.php(927): App\Controllers\Register->index()
 2 SYSTEMPATH\CodeIgniter.php(482): CodeIgniter\CodeIgniter->runController(Object(App\Controllers\Register))
 3 SYSTEMPATH\CodeIgniter.php(351): CodeIgniter\CodeIgniter->handleRequest(null, Object(Config\Cache), false)
 4 FCPATH\index.php(67): CodeIgniter\CodeIgniter->run()
 5 SYSTEMPATH\Commands\Server\rewrite.php(46): require_once('FCPATH\\index.php')
CRITICAL - 2022-11-07 13:02:36 --> date() expects at least 1 parameter, 0 given
in APPPATH\Controllers\Register.php on line 27.
 1 [internal function]: CodeIgniter\Debug\Exceptions->errorHandler(2, 'date() expects at least 1 parameter, 0 given', 'APPPATH\\Controllers\\Register.php', 27, [...])
 2 APPPATH\Controllers\Register.php(27): date()
 3 SYSTEMPATH\CodeIgniter.php(927): App\Controllers\Register->index()
 4 SYSTEMPATH\CodeIgniter.php(482): CodeIgniter\CodeIgniter->runController(Object(App\Controllers\Register))
 5 SYSTEMPATH\CodeIgniter.php(351): CodeIgniter\CodeIgniter->handleRequest(null, Object(Config\Cache), false)
 6 FCPATH\index.php(67): CodeIgniter\CodeIgniter->run()
 7 SYSTEMPATH\Commands\Server\rewrite.php(46): require_once('FCPATH\\index.php')
ERROR - 2022-11-07 13:30:12 --> mysqli_sql_exception: Duplicate entry '' for key 'email' in D:\Xampp\7.4.29\htdocs\mycodeigniter\system\Database\MySQLi\Connection.php:292
Stack trace:
#0 D:\Xampp\7.4.29\htdocs\mycodeigniter\system\Database\MySQLi\Connection.php(292): mysqli->query('UPDATE `users` ...', 0)
#1 D:\Xampp\7.4.29\htdocs\mycodeigniter\system\Database\BaseConnection.php(666): CodeIgniter\Database\MySQLi\Connection->execute('UPDATE `users` ...')
#2 D:\Xampp\7.4.29\htdocs\mycodeigniter\system\Database\BaseConnection.php(593): CodeIgniter\Database\BaseConnection->simpleQuery('UPDATE `users` ...')
#3 D:\Xampp\7.4.29\htdocs\mycodeigniter\system\Database\BaseBuilder.php(2079): CodeIgniter\Database\BaseConnection->query('UPDATE `users` ...', Array, false)
#4 D:\Xampp\7.4.29\htdocs\mycodeigniter\system\Model.php(338): CodeIgniter\Database\BaseBuilder->update()
#5 D:\Xampp\7.4.29\htdocs\mycodeigniter\system\BaseModel.php(886): CodeIgniter\Model->doUpdate(Array, Array)
#6 D:\Xampp\7.4.29\htdocs\mycodeigniter\system\Model.php(693): CodeIgniter\BaseModel->update(Array, Array)
#7 D:\Xampp\7.4.29\htdocs\mycodeigniter\app\Controllers\User.php(56): CodeIgniter\Model->update('2', Array)
#8 D:\Xampp\7.4.29\htdocs\mycodeigniter\system\CodeIgniter.php(927): App\Controllers\User->update('2')
#9 D:\Xampp\7.4.29\htdocs\mycodeigniter\system\CodeIgniter.php(482): CodeIgniter\CodeIgniter->runController(Object(App\Controllers\User))
#10 D:\Xampp\7.4.29\htdocs\mycodeigniter\system\CodeIgniter.php(351): CodeIgniter\CodeIgniter->handleRequest(NULL, Object(Config\Cache), false)
#11 D:\Xampp\7.4.29\htdocs\mycodeigniter\public\index.php(67): CodeIgniter\CodeIgniter->run()
#12 D:\Xampp\7.4.29\htdocs\mycodeigniter\system\Commands\Server\rewrite.php(46): require_once('D:\\Xampp\\7.4.29...')
#13 {main}
CRITICAL - 2022-11-07 13:30:12 --> Duplicate entry '' for key 'email'
in SYSTEMPATH\Database\MySQLi\Connection.php on line 292.
 1 SYSTEMPATH\Database\MySQLi\Connection.php(292): mysqli->query('UPDATE `users` SET `email` = NULL, `password` = \'$2y$10$vsp1gWg7cMIaMWGkjgB9oeWRNPob8YiWXBxUMRGPLIwlsqs/Hsfte\'
WHERE `users`.`id` IN (\'2\')', 0)
 2 SYSTEMPATH\Database\BaseConnection.php(666): CodeIgniter\Database\MySQLi\Connection->execute('UPDATE `users` SET `email` = NULL, `password` = \'$2y$10$vsp1gWg7cMIaMWGkjgB9oeWRNPob8YiWXBxUMRGPLIwlsqs/Hsfte\'
WHERE `users`.`id` IN (\'2\')')
 3 SYSTEMPATH\Database\BaseConnection.php(593): CodeIgniter\Database\BaseConnection->simpleQuery('UPDATE `users` SET `email` = NULL, `password` = \'$2y$10$vsp1gWg7cMIaMWGkjgB9oeWRNPob8YiWXBxUMRGPLIwlsqs/Hsfte\'
WHERE `users`.`id` IN (\'2\')')
 4 SYSTEMPATH\Database\BaseBuilder.php(2079): CodeIgniter\Database\BaseConnection->query('UPDATE `users` SET `email` = :email:, `password` = :password:
WHERE `users`.`id` IN :users.id:', [...], false)
 5 SYSTEMPATH\Model.php(338): CodeIgniter\Database\BaseBuilder->update()
 6 SYSTEMPATH\BaseModel.php(886): CodeIgniter\Model->doUpdate([...], [...])
 7 SYSTEMPATH\Model.php(693): CodeIgniter\BaseModel->update([...], [...])
 8 APPPATH\Controllers\User.php(56): CodeIgniter\Model->update('2', [...])
 9 SYSTEMPATH\CodeIgniter.php(927): App\Controllers\User->update('2')
10 SYSTEMPATH\CodeIgniter.php(482): CodeIgniter\CodeIgniter->runController(Object(App\Controllers\User))
11 SYSTEMPATH\CodeIgniter.php(351): CodeIgniter\CodeIgniter->handleRequest(null, Object(Config\Cache), false)
12 FCPATH\index.php(67): CodeIgniter\CodeIgniter->run()
13 SYSTEMPATH\Commands\Server\rewrite.php(46): require_once('FCPATH\\index.php')
ERROR - 2022-11-07 13:30:35 --> mysqli_sql_exception: Duplicate entry '' for key 'email' in D:\Xampp\7.4.29\htdocs\mycodeigniter\system\Database\MySQLi\Connection.php:292
Stack trace:
#0 D:\Xampp\7.4.29\htdocs\mycodeigniter\system\Database\MySQLi\Connection.php(292): mysqli->query('UPDATE `users` ...', 0)
#1 D:\Xampp\7.4.29\htdocs\mycodeigniter\system\Database\BaseConnection.php(666): CodeIgniter\Database\MySQLi\Connection->execute('UPDATE `users` ...')
#2 D:\Xampp\7.4.29\htdocs\mycodeigniter\system\Database\BaseConnection.php(593): CodeIgniter\Database\BaseConnection->simpleQuery('UPDATE `users` ...')
#3 D:\Xampp\7.4.29\htdocs\mycodeigniter\system\Database\BaseBuilder.php(2079): CodeIgniter\Database\BaseConnection->query('UPDATE `users` ...', Array, false)
#4 D:\Xampp\7.4.29\htdocs\mycodeigniter\system\Model.php(338): CodeIgniter\Database\BaseBuilder->update()
#5 D:\Xampp\7.4.29\htdocs\mycodeigniter\system\BaseModel.php(886): CodeIgniter\Model->doUpdate(Array, Array)
#6 D:\Xampp\7.4.29\htdocs\mycodeigniter\system\Model.php(693): CodeIgniter\BaseModel->update(Array, Array)
#7 D:\Xampp\7.4.29\htdocs\mycodeigniter\app\Controllers\User.php(56): CodeIgniter\Model->update('2', Array)
#8 D:\Xampp\7.4.29\htdocs\mycodeigniter\system\CodeIgniter.php(927): App\Controllers\User->update('2')
#9 D:\Xampp\7.4.29\htdocs\mycodeigniter\system\CodeIgniter.php(482): CodeIgniter\CodeIgniter->runController(Object(App\Controllers\User))
#10 D:\Xampp\7.4.29\htdocs\mycodeigniter\system\CodeIgniter.php(351): CodeIgniter\CodeIgniter->handleRequest(NULL, Object(Config\Cache), false)
#11 D:\Xampp\7.4.29\htdocs\mycodeigniter\public\index.php(67): CodeIgniter\CodeIgniter->run()
#12 D:\Xampp\7.4.29\htdocs\mycodeigniter\system\Commands\Server\rewrite.php(46): require_once('D:\\Xampp\\7.4.29...')
#13 {main}
CRITICAL - 2022-11-07 13:30:35 --> Duplicate entry '' for key 'email'
in SYSTEMPATH\Database\MySQLi\Connection.php on line 292.
 1 SYSTEMPATH\Database\MySQLi\Connection.php(292): mysqli->query('UPDATE `users` SET `email` = NULL, `password` = \'$2y$10$3IENCQm4.2GAvEUSAsQm8Oqd6i9jrXJ49iA4DLyXC2TNjSN98jgP.\'
WHERE `users`.`id` IN (\'2\')', 0)
 2 SYSTEMPATH\Database\BaseConnection.php(666): CodeIgniter\Database\MySQLi\Connection->execute('UPDATE `users` SET `email` = NULL, `password` = \'$2y$10$3IENCQm4.2GAvEUSAsQm8Oqd6i9jrXJ49iA4DLyXC2TNjSN98jgP.\'
WHERE `users`.`id` IN (\'2\')')
 3 SYSTEMPATH\Database\BaseConnection.php(593): CodeIgniter\Database\BaseConnection->simpleQuery('UPDATE `users` SET `email` = NULL, `password` = \'$2y$10$3IENCQm4.2GAvEUSAsQm8Oqd6i9jrXJ49iA4DLyXC2TNjSN98jgP.\'
WHERE `users`.`id` IN (\'2\')')
 4 SYSTEMPATH\Database\BaseBuilder.php(2079): CodeIgniter\Database\BaseConnection->query('UPDATE `users` SET `email` = :email:, `password` = :password:
WHERE `users`.`id` IN :users.id:', [...], false)
 5 SYSTEMPATH\Model.php(338): CodeIgniter\Database\BaseBuilder->update()
 6 SYSTEMPATH\BaseModel.php(886): CodeIgniter\Model->doUpdate([...], [...])
 7 SYSTEMPATH\Model.php(693): CodeIgniter\BaseModel->update([...], [...])
 8 APPPATH\Controllers\User.php(56): CodeIgniter\Model->update('2', [...])
 9 SYSTEMPATH\CodeIgniter.php(927): App\Controllers\User->update('2')
10 SYSTEMPATH\CodeIgniter.php(482): CodeIgniter\CodeIgniter->runController(Object(App\Controllers\User))
11 SYSTEMPATH\CodeIgniter.php(351): CodeIgniter\CodeIgniter->handleRequest(null, Object(Config\Cache), false)
12 FCPATH\index.php(67): CodeIgniter\CodeIgniter->run()
13 SYSTEMPATH\Commands\Server\rewrite.php(46): require_once('FCPATH\\index.php')
ERROR - 2022-11-07 13:31:17 --> mysqli_sql_exception: Duplicate entry '' for key 'email' in D:\Xampp\7.4.29\htdocs\mycodeigniter\system\Database\MySQLi\Connection.php:292
Stack trace:
#0 D:\Xampp\7.4.29\htdocs\mycodeigniter\system\Database\MySQLi\Connection.php(292): mysqli->query('UPDATE `users` ...', 0)
#1 D:\Xampp\7.4.29\htdocs\mycodeigniter\system\Database\BaseConnection.php(666): CodeIgniter\Database\MySQLi\Connection->execute('UPDATE `users` ...')
#2 D:\Xampp\7.4.29\htdocs\mycodeigniter\system\Database\BaseConnection.php(593): CodeIgniter\Database\BaseConnection->simpleQuery('UPDATE `users` ...')
#3 D:\Xampp\7.4.29\htdocs\mycodeigniter\system\Database\BaseBuilder.php(2079): CodeIgniter\Database\BaseConnection->query('UPDATE `users` ...', Array, false)
#4 D:\Xampp\7.4.29\htdocs\mycodeigniter\system\Model.php(338): CodeIgniter\Database\BaseBuilder->update()
#5 D:\Xampp\7.4.29\htdocs\mycodeigniter\system\BaseModel.php(886): CodeIgniter\Model->doUpdate(Array, Array)
#6 D:\Xampp\7.4.29\htdocs\mycodeigniter\system\Model.php(693): CodeIgniter\BaseModel->update(Array, Array)
#7 D:\Xampp\7.4.29\htdocs\mycodeigniter\app\Controllers\User.php(57): CodeIgniter\Model->update('2', Array)
#8 D:\Xampp\7.4.29\htdocs\mycodeigniter\system\CodeIgniter.php(927): App\Controllers\User->update('2')
#9 D:\Xampp\7.4.29\htdocs\mycodeigniter\system\CodeIgniter.php(482): CodeIgniter\CodeIgniter->runController(Object(App\Controllers\User))
#10 D:\Xampp\7.4.29\htdocs\mycodeigniter\system\CodeIgniter.php(351): CodeIgniter\CodeIgniter->handleRequest(NULL, Object(Config\Cache), false)
#11 D:\Xampp\7.4.29\htdocs\mycodeigniter\public\index.php(67): CodeIgniter\CodeIgniter->run()
#12 D:\Xampp\7.4.29\htdocs\mycodeigniter\system\Commands\Server\rewrite.php(46): require_once('D:\\Xampp\\7.4.29...')
#13 {main}
CRITICAL - 2022-11-07 13:31:17 --> Duplicate entry '' for key 'email'
in SYSTEMPATH\Database\MySQLi\Connection.php on line 292.
 1 SYSTEMPATH\Database\MySQLi\Connection.php(292): mysqli->query('UPDATE `users` SET `email` = NULL, `password` = \'$2y$10$hyW3QVjreHr2x2cLveTIRunxRZ07XIJiwg/Ac7Kg9aqC5egNhhiG6\'
WHERE `users`.`id` IN (\'2\')', 0)
 2 SYSTEMPATH\Database\BaseConnection.php(666): CodeIgniter\Database\MySQLi\Connection->execute('UPDATE `users` SET `email` = NULL, `password` = \'$2y$10$hyW3QVjreHr2x2cLveTIRunxRZ07XIJiwg/Ac7Kg9aqC5egNhhiG6\'
WHERE `users`.`id` IN (\'2\')')
 3 SYSTEMPATH\Database\BaseConnection.php(593): CodeIgniter\Database\BaseConnection->simpleQuery('UPDATE `users` SET `email` = NULL, `password` = \'$2y$10$hyW3QVjreHr2x2cLveTIRunxRZ07XIJiwg/Ac7Kg9aqC5egNhhiG6\'
WHERE `users`.`id` IN (\'2\')')
 4 SYSTEMPATH\Database\BaseBuilder.php(2079): CodeIgniter\Database\BaseConnection->query('UPDATE `users` SET `email` = :email:, `password` = :password:
WHERE `users`.`id` IN :users.id:', [...], false)
 5 SYSTEMPATH\Model.php(338): CodeIgniter\Database\BaseBuilder->update()
 6 SYSTEMPATH\BaseModel.php(886): CodeIgniter\Model->doUpdate([...], [...])
 7 SYSTEMPATH\Model.php(693): CodeIgniter\BaseModel->update([...], [...])
 8 APPPATH\Controllers\User.php(57): CodeIgniter\Model->update('2', [...])
 9 SYSTEMPATH\CodeIgniter.php(927): App\Controllers\User->update('2')
10 SYSTEMPATH\CodeIgniter.php(482): CodeIgniter\CodeIgniter->runController(Object(App\Controllers\User))
11 SYSTEMPATH\CodeIgniter.php(351): CodeIgniter\CodeIgniter->handleRequest(null, Object(Config\Cache), false)
12 FCPATH\index.php(67): CodeIgniter\CodeIgniter->run()
13 SYSTEMPATH\Commands\Server\rewrite.php(46): require_once('FCPATH\\index.php')
